<?xml version="1.0" encoding="UTF-8"?>
<!-- Generated by org.testng.reporters.JUnitReportReporter -->
<testsuite hostname="Gauri" failures="0" tests="5" name="TestRunner.Runner" time="19.290" errors="0" timestamp="2025-01-24T23:13:48 IST" skipped="0">
  <testcase classname="TestRunner.Runner" name="runScenario" time="4.284"/>
  <system-out/>
  <testcase classname="TestRunner.Runner" name="runScenario" time="5.233"/>
  <system-out/>
  <testcase classname="TestRunner.Runner" name="runScenario" time="3.239"/>
  <system-out/>
  <testcase classname="TestRunner.Runner" name="runScenario" time="4.651"/>
  <system-out/>
  <testcase classname="TestRunner.Runner" name="runScenario" time="1.883"/>
  <system-out/>
</testsuite> <!-- TestRunner.Runner -->
