<?xml version="1.0" encoding="UTF-8"?>
<!-- Generated by org.testng.reporters.JUnitReportReporter -->
<testsuite hostname="Paresh-PC" failures="0" tests="6" name="TestRunner.Runner" time="18.631" errors="0" timestamp="2025-01-25T00:47:48 IST" skipped="0">
  <testcase classname="TestRunner.Runner" name="runScenario" time="2.727"/>
  <system-out/>
  <testcase classname="TestRunner.Runner" name="runScenario" time="3.145"/>
  <system-out/>
  <testcase classname="TestRunner.Runner" name="runScenario" time="3.137"/>
  <system-out/>
  <testcase classname="TestRunner.Runner" name="runScenario" time="1.324"/>
  <system-out/>
  <testcase classname="TestRunner.Runner" name="runScenario" time="5.271"/>
  <system-out/>
  <testcase classname="TestRunner.Runner" name="runScenario" time="3.027"/>
  <system-out/>
</testsuite> <!-- TestRunner.Runner -->
